<?xml version="1.0" encoding="UTF-8"?>
<!-- Generated by org.testng.reporters.JUnitXMLReporter -->
<testsuite ignored="0" hostname="jorge_alco" failures="1" tests="1" name="TC001" time="13.415" errors="0" timestamp="2024-11-07T19:11:28 CST">
  <testcase classname="com.parabank.TC_001_LoginUser_POM" name="TC_001_LoginUser_POM_TestScript" time="11.881">
    <failure type="java.lang.NullPointerException" message="Cannot invoke &amp;quot;String.split(String)&amp;quot; because &amp;quot;fullName&amp;quot; is null">
      <![CDATA[java.lang.NullPointerException: Cannot invoke "String.split(String)" because "fullName" is null
at com.parabank.base.SeleniumWrapper.getText2(SeleniumWrapper.java:178)
at com.parabank.index.Login.validateNewUser(Login.java:42)
at com.parabank.TC_001_LoginUser_POM.TC_001_LoginUser_POM_TestScript(TC_001_LoginUser_POM.java:47)
at java.base/java.util.ArrayList.forEach(ArrayList.java:1511)
at java.base/java.util.concurrent.FutureTask.run(FutureTask.java:264)
at java.base/java.util.concurrent.ThreadPoolExecutor.runWorker(ThreadPoolExecutor.java:1136)
at java.base/java.util.concurrent.ThreadPoolExecutor$Worker.run(ThreadPoolExecutor.java:635)
at java.base/java.lang.Thread.run(Thread.java:833)
... Removed 17 stack frames]]>
    </failure>
  </testcase> <!-- TC_001_LoginUser_POM_TestScript -->
</testsuite> <!-- TC001 -->
