<?xml version="1.0" encoding="UTF-8"?>
<testng-results ignored="0" total="1" passed="0" failed="1" skipped="0">
  <reporter-output>
    <line>
      <![CDATA[Launching...https://parabank.parasoft.com/parabank/index.htm]]>
    </line>
    <line>
      <![CDATA[Login to ParaBank]]>
    </line>
    <line>
      <![CDATA[Validate New User]]>
    </line>
  </reporter-output>
  <suite started-at="2024-12-16T22:29:49 CST" name="Default suite" finished-at="2024-12-16T22:30:03 CST" duration-ms="13505">
    <groups>
    </groups>
    <test started-at="2024-12-16T22:29:49 CST" name="Default test" finished-at="2024-12-16T22:30:03 CST" duration-ms="13505">
      <class name="com.parabank.TC_001_LoginUser_POM">
        <test-method is-config="true" signature="beforeTest()[pri:0, instance:com.parabank.TC_001_LoginUser_POM@2b40ff9c]" started-at="2024-12-16T22:29:49 CST" name="beforeTest" finished-at="2024-12-16T22:29:51 CST" duration-ms="1483" status="PASS">
          <reporter-output>
          </reporter-output>
        </test-method> <!-- beforeTest -->
        <test-method signature="TC_001_LoginUser_POM_TestScript()[pri:0, instance:com.parabank.TC_001_LoginUser_POM@2b40ff9c]" started-at="2024-12-16T22:29:51 CST" name="TC_001_LoginUser_POM_TestScript" finished-at="2024-12-16T22:30:03 CST" duration-ms="11955" status="FAIL">
          <exception class="java.lang.NullPointerException">
            <message>
              <![CDATA[Cannot invoke "String.split(String)" because "fullName" is null]]>
            </message>
            <full-stacktrace>
              <![CDATA[java.lang.NullPointerException: Cannot invoke "String.split(String)" because "fullName" is null
at com.parabank.base.SeleniumWrapper.getText2(SeleniumWrapper.java:178)
at com.parabank.index.Login.validateNewUser(Login.java:42)
at com.parabank.TC_001_LoginUser_POM.TC_001_LoginUser_POM_TestScript(TC_001_LoginUser_POM.java:47)
at java.base/jdk.internal.reflect.NativeMethodAccessorImpl.invoke0(Native Method)
at java.base/jdk.internal.reflect.NativeMethodAccessorImpl.invoke(NativeMethodAccessorImpl.java:77)
at java.base/jdk.internal.reflect.DelegatingMethodAccessorImpl.invoke(DelegatingMethodAccessorImpl.java:43)
at java.base/java.lang.reflect.Method.invoke(Method.java:568)
at org.testng.internal.invokers.MethodInvocationHelper.invokeMethod(MethodInvocationHelper.java:141)
at org.testng.internal.invokers.TestInvoker.invokeMethod(TestInvoker.java:686)
at org.testng.internal.invokers.TestInvoker.invokeTestMethod(TestInvoker.java:230)
at org.testng.internal.invokers.MethodRunner.runInSequence(MethodRunner.java:63)
at org.testng.internal.invokers.TestInvoker$MethodInvocationAgent.invoke(TestInvoker.java:992)
at org.testng.internal.invokers.TestInvoker.invokeTestMethods(TestInvoker.java:203)
at org.testng.internal.invokers.TestMethodWorker.invokeTestMethods(TestMethodWorker.java:154)
at org.testng.internal.invokers.TestMethodWorker.run(TestMethodWorker.java:134)
at java.base/java.util.ArrayList.forEach(ArrayList.java:1511)
at org.testng.TestRunner.privateRun(TestRunner.java:739)
at org.testng.TestRunner.run(TestRunner.java:614)
at org.testng.SuiteRunner.runTest(SuiteRunner.java:421)
at org.testng.SuiteRunner.runSequentially(SuiteRunner.java:413)
at org.testng.SuiteRunner.privateRun(SuiteRunner.java:373)
at org.testng.SuiteRunner.run(SuiteRunner.java:312)
at org.testng.SuiteRunnerWorker.runSuite(SuiteRunnerWorker.java:52)
at org.testng.SuiteRunnerWorker.run(SuiteRunnerWorker.java:95)
at org.testng.TestNG.runSuitesSequentially(TestNG.java:1274)
at org.testng.TestNG.runSuitesLocally(TestNG.java:1208)
at org.testng.TestNG.runSuites(TestNG.java:1112)
at org.testng.TestNG.run(TestNG.java:1079)
at org.testng.remote.AbstractRemoteTestNG.run(AbstractRemoteTestNG.java:115)
at org.testng.remote.RemoteTestNG.initAndRun(RemoteTestNG.java:293)
at org.testng.remote.RemoteTestNG.main(RemoteTestNG.java:91)
]]>
            </full-stacktrace>
          </exception> <!-- java.lang.NullPointerException -->
          <reporter-output>
            <line>
              <![CDATA[Launching...https://parabank.parasoft.com/parabank/index.htm]]>
            </line>
            <line>
              <![CDATA[Login to ParaBank]]>
            </line>
            <line>
              <![CDATA[Validate New User]]>
            </line>
          </reporter-output>
        </test-method> <!-- TC_001_LoginUser_POM_TestScript -->
        <test-method is-config="true" signature="afterTest()[pri:0, instance:com.parabank.TC_001_LoginUser_POM@2b40ff9c]" started-at="2024-12-16T22:30:03 CST" name="afterTest" finished-at="2024-12-16T22:30:03 CST" duration-ms="0" status="PASS">
          <reporter-output>
          </reporter-output>
        </test-method> <!-- afterTest -->
      </class> <!-- com.parabank.TC_001_LoginUser_POM -->
    </test> <!-- Default test -->
  </suite> <!-- Default suite -->
</testng-results>
