<?xml version="1.0" encoding="UTF-8"?>
<testng-results ignored="0" total="1" passed="1" failed="0" skipped="0">
  <reporter-output>
    <line>
      <![CDATA[Launching...https://parabank.parasoft.com/parabank/index.htm]]>
    </line>
    <line>
      <![CDATA[Click on Register Link]]>
    </line>
    <line>
      <![CDATA[Validate Register Page is shown]]>
    </line>
    <line>
      <![CDATA[Enter User Name value]]>
    </line>
    <line>
      <![CDATA[Enter Last Name value]]>
    </line>
    <line>
      <![CDATA[Enter Street  Name]]>
    </line>
    <line>
      <![CDATA[Enter City Name]]>
    </line>
    <line>
      <![CDATA[Enter State Name]]>
    </line>
    <line>
      <![CDATA[Enter Zip Code]]>
    </line>
    <line>
      <![CDATA[Enter Phone Number Code]]>
    </line>
    <line>
      <![CDATA[Enter SSN]]>
    </line>
    <line>
      <![CDATA[Enter User Name]]>
    </line>
    <line>
      <![CDATA[Enter Password]]>
    </line>
    <line>
      <![CDATA[Re Enter Password]]>
    </line>
    <line>
      <![CDATA[Click Register Button]]>
    </line>
    <line>
      <![CDATA[Validate Actual Value vs Expected Value]]>
    </line>
    <line>
      <![CDATA[Logout]]>
    </line>
    <line>
      <![CDATA[Close Browser]]>
    </line>
  </reporter-output>
  <suite started-at="2024-11-15T13:38:21 CST" name="Default suite" finished-at="2024-11-15T13:38:27 CST" duration-ms="5594">
    <groups>
    </groups>
    <test started-at="2024-11-15T13:38:21 CST" name="Default test" finished-at="2024-11-15T13:38:27 CST" duration-ms="5594">
      <class name="com.parabank.TC_002_RegisterUser_POM">
        <test-method is-config="true" signature="beforeTest()[pri:0, instance:com.parabank.TC_002_RegisterUser_POM@2b40ff9c]" started-at="2024-11-15T13:38:21 CST" name="beforeTest" finished-at="2024-11-15T13:38:22 CST" duration-ms="1156" status="PASS">
          <reporter-output>
          </reporter-output>
        </test-method> <!-- beforeTest -->
        <test-method signature="TC_002_RegisterUser_POM_TestScript()[pri:0, instance:com.parabank.TC_002_RegisterUser_POM@2b40ff9c]" started-at="2024-11-15T13:38:22 CST" name="TC_002_RegisterUser_POM_TestScript" finished-at="2024-11-15T13:38:27 CST" duration-ms="4369" status="PASS">
          <reporter-output>
            <line>
              <![CDATA[Launching...https://parabank.parasoft.com/parabank/index.htm]]>
            </line>
            <line>
              <![CDATA[Click on Register Link]]>
            </line>
            <line>
              <![CDATA[Validate Register Page is shown]]>
            </line>
            <line>
              <![CDATA[Enter User Name value]]>
            </line>
            <line>
              <![CDATA[Enter Last Name value]]>
            </line>
            <line>
              <![CDATA[Enter Street  Name]]>
            </line>
            <line>
              <![CDATA[Enter City Name]]>
            </line>
            <line>
              <![CDATA[Enter State Name]]>
            </line>
            <line>
              <![CDATA[Enter Zip Code]]>
            </line>
            <line>
              <![CDATA[Enter Phone Number Code]]>
            </line>
            <line>
              <![CDATA[Enter SSN]]>
            </line>
            <line>
              <![CDATA[Enter User Name]]>
            </line>
            <line>
              <![CDATA[Enter Password]]>
            </line>
            <line>
              <![CDATA[Re Enter Password]]>
            </line>
            <line>
              <![CDATA[Click Register Button]]>
            </line>
            <line>
              <![CDATA[Validate Actual Value vs Expected Value]]>
            </line>
            <line>
              <![CDATA[Logout]]>
            </line>
            <line>
              <![CDATA[Close Browser]]>
            </line>
          </reporter-output>
        </test-method> <!-- TC_002_RegisterUser_POM_TestScript -->
        <test-method is-config="true" signature="afterTest()[pri:0, instance:com.parabank.TC_002_RegisterUser_POM@2b40ff9c]" started-at="2024-11-15T13:38:27 CST" name="afterTest" finished-at="2024-11-15T13:38:27 CST" duration-ms="0" status="PASS">
          <reporter-output>
          </reporter-output>
        </test-method> <!-- afterTest -->
      </class> <!-- com.parabank.TC_002_RegisterUser_POM -->
    </test> <!-- Default test -->
  </suite> <!-- Default suite -->
</testng-results>
